\BOOKMARK [1][-]{section.1}{\376\377\000U\000v\000o\000d}{}% 1
\BOOKMARK [1][-]{section.2}{\376\377\000T\000v\000e\000g\000a\000n\000j\000e\000\040\000i\000n\000\040\000i\000n\000v\000e\000s\000t\000i\000c\000i\000j\000e}{}% 2
\BOOKMARK [1][-]{section.3}{\376\377\000T\000r\000a\000d\000i\000c\000i\000o\000n\000a\000l\000n\000e\000\040\000m\000e\000t\000o\000d\000e\000\040\000v\000r\000e\000d\000n\000o\000t\000e\000n\000j\000a\000\040\000i\000n\000v\000e\000s\000t\000i\000c\000i\000j}{}% 3
\BOOKMARK [2][-]{subsection.3.1}{\376\377\000P\000r\000a\000k\000t\000i\001\015\000n\000i\000\040\000p\000r\000o\000b\000l\000e\000m\000i\000\040\000u\000p\000o\000r\000a\000b\000e\000\040\000t\000r\000a\000d\000i\000c\000i\000o\000n\000a\000l\000n\000i\000h\000\040\000m\000e\000t\000o\000d}{section.3}% 4
\BOOKMARK [2][-]{subsection.3.2}{\376\377\000M\000e\000t\000o\000d\000a\000\040\000n\000e\000t\000o\000\040\000s\000e\000d\000a\000n\000j\000e\000\040\000v\000r\000e\000d\000n\000o\000s\000t\000i}{section.3}% 5
\BOOKMARK [3][-]{subsubsection.3.2.1}{\376\377\000P\000r\000i\000m\000e\000r\000:\000\040\000K\000a\000k\000o\000\040\000i\000z\000r\000a\001\015\000u\000n\000a\000t\000i\000\040\000N\000S\000V\000?}{subsection.3.2}% 6
\BOOKMARK [2][-]{subsection.3.3}{\376\377\000I\000n\000t\000e\000r\000n\000a\000\040\000s\000t\000o\000p\000n\000j\000a\000\040\000d\000o\000n\000o\000s\000a}{section.3}% 7
\BOOKMARK [2][-]{subsection.3.4}{\376\377\000D\000o\000b\000a\000\040\000p\000o\000v\000r\000a\001\015\000i\000l\000a}{section.3}% 8
\BOOKMARK [3][-]{subsubsection.3.4.1}{\376\377\000U\000p\000o\000r\000a\000b\000a\000\040\000d\000o\000b\000e\000\040\000p\000o\000v\000r\000a\001\015\000i\000l\000a\000\040\000z\000a\000\040\000o\000c\000e\000n\000o\000\040\000i\000n\000v\000e\000s\000t\000i\000c\000i\000j\000e}{subsection.3.4}% 9
\BOOKMARK [1][-]{section.4}{\376\377\000F\000i\000n\000a\000n\001\015\000n\000e\000\040\000o\000p\000c\000i\000j\000e}{}% 10
\BOOKMARK [2][-]{subsection.4.1}{\376\377\000R\000e\000a\000l\000n\000e\000\040\000i\000n\000\040\000f\000i\000n\000a\000n\001\015\000n\000e\000\040\000o\000p\000c\000i\000j\000e}{section.4}% 11
\BOOKMARK [1][-]{section.5}{\376\377\000R\000e\000a\000l\000n\000e\000\040\000o\000p\000c\000i\000j\000e}{}% 12
\BOOKMARK [2][-]{subsection.5.1}{\376\377\000Z\000a\000k\000a\000j\000\040\000s\000o\000\040\000r\000e\000a\000l\000n\000e\000\040\000o\000p\000c\000i\000j\000e\000\040\000p\000o\000m\000e\000m\000b\000n\000e\000?}{section.5}% 13
\BOOKMARK [2][-]{subsection.5.2}{\376\377\000Z\000g\000o\000d\000o\000v\000i\000n\000a\000\040\000r\000e\000a\000l\000n\000i\000h\000\040\000o\000p\000c\000i\000j}{section.5}% 14
\BOOKMARK [2][-]{subsection.5.3}{\376\377\000O\000s\000n\000o\000v\000n\000o\000\040\000o\000g\000r\000o\000d\000j\000e\000\040\000i\000n\000\040\000u\000p\000o\000r\000a\000b\000a\000\040\000r\000e\000a\000l\000n\000i\000h\000\040\000o\000p\000c\000i\000j}{section.5}% 15
\BOOKMARK [3][-]{subsubsection.5.3.1}{\376\377\000R\000a\000z\001\141\000i\000r\000i\000t\000e\000v\000\040\000o\000g\000r\000o\000d\000j\000a\000\040\000\050\000m\000o\001\176\000n\000o\000s\000t\000\040\000z\000a\000\040\000n\000a\000p\000r\000e\000d\000e\000k\000\051}{subsection.5.3}% 16
\BOOKMARK [2][-]{subsection.5.4}{\376\377\000B\000l\000a\000c\000k\000-\000S\000h\000o\000l\000e\000s\000o\000v\000\040\000m\000o\000d\000e\000l\000\040\000v\000r\000e\000d\000n\000o\000t\000e\000n\000j\000a\000\040\000r\000e\000a\000l\000n\000i\000h\000\040\000o\000p\000c\000i\000j}{section.5}% 17
\BOOKMARK [3][-]{subsubsection.5.4.1}{\376\377\000P\000r\000i\000m\000e\000r}{subsection.5.4}% 18
\BOOKMARK [3][-]{subsubsection.5.4.2}{\376\377\000Z\000a\000k\000a\000j\000\040\000u\000p\000o\000r\000a\000b\000a\000\040\000B\000l\000a\000c\000k\000-\000S\000h\000o\000l\000e\000s\000o\000v\000e\000\040\000f\000o\000r\000m\000u\000l\000e\000\040\000p\000r\000i\000\040\000r\000e\000a\000l\000n\000i\000h\000\040\000o\000p\000c\000i\000j\000a\000h\000\040\000n\000i\000\040\000n\000a\000j\000b\000o\000l\000j\001\141\000a\000?}{subsection.5.4}% 19
\BOOKMARK [2][-]{subsection.5.5}{\376\377\000B\000i\000n\000o\000m\000s\000k\000i\000\040\000m\000o\000d\000e\000l\000\040\000v\000r\000e\000d\000n\000o\000t\000e\000n\000j\000a\000\040\000r\000e\000a\000l\000n\000i\000h\000\040\000o\000p\000c\000i\000j}{section.5}% 20
\BOOKMARK [2][-]{subsection.5.6}{\376\377\000V\000r\000s\000t\000e\000\040\000r\000e\000a\000l\000n\000i\000h\000\040\000o\000p\000c\000i\000j\000\040\000i\000n\000\040\000p\000r\000i\000m\000e\000r\000i\000\040\000u\000p\000o\000r\000a\000b\000e}{section.5}% 21
\BOOKMARK [3][-]{subsubsection.5.6.1}{\376\377\000O\000s\000n\000o\000v\000n\000a\000\040\000n\000a\000l\000o\000g\000a}{subsection.5.6}% 22
\BOOKMARK [3][-]{subsubsection.5.6.2}{\376\377\000U\000p\000o\000r\000a\000b\000a\000\040\000t\000r\000a\000d\000i\000c\000i\000o\000n\000a\000l\000n\000e\000\040\000m\000e\000t\000o\000d\000e}{subsection.5.6}% 23
\BOOKMARK [3][-]{subsubsection.5.6.3}{\376\377\000M\000e\000t\000o\000d\000a\000\040\000p\000o\000g\000o\000j\000n\000i\000h\000\040\000t\000e\000r\000j\000a\000t\000e\000v}{subsection.5.6}% 24
\BOOKMARK [3][-]{subsubsection.5.6.4}{\376\377\000O\000p\000c\000i\000j\000a\000\040\001\015\000a\000s\000a\000\040\000i\000n\000v\000e\000s\000t\000i\000r\000a\000n\000j\000a}{subsection.5.6}% 25
\BOOKMARK [3][-]{subsubsection.5.6.5}{\376\377\000O\000p\000c\000i\000j\000a\000\040\000r\000a\000s\000t\000i}{subsection.5.6}% 26
\BOOKMARK [3][-]{subsubsection.5.6.6}{\376\377\000O\000p\000c\000i\000j\000a\000\040\000z\000o\001\176\000i\000t\000v\000e}{subsection.5.6}% 27
\BOOKMARK [3][-]{subsubsection.5.6.7}{\376\377\000O\000p\000c\000i\000j\000a\000\040\000o\000p\000u\000s\000t\000i\000t\000v\000e\000\040\000p\000r\000o\000j\000e\000k\000t\000a}{subsection.5.6}% 28
