This is pdfTeX, Version 3.141592653-2.6-1.40.22 (MiKTeX 21.6) (preloaded format=pdflatex 2021.9.10)  13 SEP 2021 09:43
entering extended mode
**./neimenovana-4.tex
(neimenovana-4.tex
LaTeX2e <2021-06-01>
L3 programming layer <2021-06-01>
(C:\Users\Uporabnik\Documents\MATLAB\tex/latex/base\article.cls
Document Class: article 2021/02/12 v1.4n Standard LaTeX document class
(C:\Users\Uporabnik\Documents\MATLAB\tex/latex/base\size12.clo
File: size12.clo 2021/02/12 v1.4n Standard LaTeX file (size option)
)
\c@part=\count182
\c@section=\count183
\c@subsection=\count184
\c@subsubsection=\count185
\c@paragraph=\count186
\c@subparagraph=\count187
\c@figure=\count188
\c@table=\count189
\abovecaptionskip=\skip47
\belowcaptionskip=\skip48
\bibindent=\dimen138
)
(C:\Users\Uporabnik\Documents\MATLAB\tex/latex/tools\array.sty
Package: array 2021/04/20 v2.5e Tabular extension package (FMi)
\col@sep=\dimen139
\ar@mcellbox=\box50
\extrarowheight=\dimen140
\NC@list=\toks16
\extratabsurround=\skip49
\backup@length=\skip50
\ar@cellbox=\box51
)
(C:\Users\Uporabnik\Documents\MATLAB\tex/latex/base\inputenc.sty
Package: inputenc 2021/02/14 v1.3d Input encoding file
\inpenc@prehook=\toks17
\inpenc@posthook=\toks18
)
(C:\Users\Uporabnik\Documents\MATLAB\tex/latex/base\fontenc.sty
Package: fontenc 2021/04/29 v2.0v Standard LaTeX package
)
(C:\Users\Uporabnik\Documents\MATLAB\tex/generic/babel\babel.sty
Package: babel 2021/06/02 3.60 The Babel package

(C:\Users\Uporabnik\Documents\MATLAB\tex/generic/babel\babel.def
File: babel.def 2021/06/02 3.60 Babel common definitions
\babel@savecnt=\count190
\U@D=\dimen141
\l@unhyphenated=\language79

(C:\Users\Uporabnik\Documents\MATLAB\tex/generic/babel\txtbabel.def)
\bbl@readstream=\read2
)
\bbl@dirlevel=\count191

*************************************
* Local config file bblopts.cfg used
*
(C:\Users\Uporabnik\Documents\MATLAB\tex/latex/arabi\bblopts.cfg
File: bblopts.cfg 2005/09/08 v0.1 add Arabic and Farsi to "declared" options of
 babel
)
(C:\Users\Uporabnik\Documents\MATLAB\tex/latex/babel-slovenian\slovene.ldf
Language: slovene 2021/02/06 v1.2n Slovene support from the babel system
Package babel Info: Making " an active character on input line 79.
))
(C:\Users\Uporabnik\Documents\MATLAB\tex/latex/lm\lmodern.sty
Package: lmodern 2009/10/30 v1.6 Latin Modern Fonts
LaTeX Font Info:    Overwriting symbol font `operators' in version `normal'
(Font)                  OT1/cmr/m/n --> OT1/lmr/m/n on input line 22.
LaTeX Font Info:    Overwriting symbol font `letters' in version `normal'
(Font)                  OML/cmm/m/it --> OML/lmm/m/it on input line 23.
LaTeX Font Info:    Overwriting symbol font `symbols' in version `normal'
(Font)                  OMS/cmsy/m/n --> OMS/lmsy/m/n on input line 24.
LaTeX Font Info:    Overwriting symbol font `largesymbols' in version `normal'
(Font)                  OMX/cmex/m/n --> OMX/lmex/m/n on input line 25.
LaTeX Font Info:    Overwriting symbol font `operators' in version `bold'
(Font)                  OT1/cmr/bx/n --> OT1/lmr/bx/n on input line 26.
LaTeX Font Info:    Overwriting symbol font `letters' in version `bold'
(Font)                  OML/cmm/b/it --> OML/lmm/b/it on input line 27.
LaTeX Font Info:    Overwriting symbol font `symbols' in version `bold'
(Font)                  OMS/cmsy/b/n --> OMS/lmsy/b/n on input line 28.
LaTeX Font Info:    Overwriting symbol font `largesymbols' in version `bold'
(Font)                  OMX/cmex/m/n --> OMX/lmex/m/n on input line 29.
LaTeX Font Info:    Overwriting math alphabet `\mathbf' in version `normal'
(Font)                  OT1/cmr/bx/n --> OT1/lmr/bx/n on input line 31.
LaTeX Font Info:    Overwriting math alphabet `\mathsf' in version `normal'
(Font)                  OT1/cmss/m/n --> OT1/lmss/m/n on input line 32.
LaTeX Font Info:    Overwriting math alphabet `\mathit' in version `normal'
(Font)                  OT1/cmr/m/it --> OT1/lmr/m/it on input line 33.
LaTeX Font Info:    Overwriting math alphabet `\mathtt' in version `normal'
(Font)                  OT1/cmtt/m/n --> OT1/lmtt/m/n on input line 34.
LaTeX Font Info:    Overwriting math alphabet `\mathbf' in version `bold'
(Font)                  OT1/cmr/bx/n --> OT1/lmr/bx/n on input line 35.
LaTeX Font Info:    Overwriting math alphabet `\mathsf' in version `bold'
(Font)                  OT1/cmss/bx/n --> OT1/lmss/bx/n on input line 36.
LaTeX Font Info:    Overwriting math alphabet `\mathit' in version `bold'
(Font)                  OT1/cmr/bx/it --> OT1/lmr/bx/it on input line 37.
LaTeX Font Info:    Overwriting math alphabet `\mathtt' in version `bold'
(Font)                  OT1/cmtt/m/n --> OT1/lmtt/m/n on input line 38.
)
(C:\Users\Uporabnik\Documents\MATLAB\tex/latex/amsmath\amsmath.sty
Package: amsmath 2021/04/20 v2.17j AMS math features
\@mathmargin=\skip51

For additional information on amsmath, use the `?' option.
(C:\Users\Uporabnik\Documents\MATLAB\tex/latex/amsmath\amstext.sty
Package: amstext 2000/06/29 v2.01 AMS text

(C:\Users\Uporabnik\Documents\MATLAB\tex/latex/amsmath\amsgen.sty
File: amsgen.sty 1999/11/30 v2.0 generic functions
\@emptytoks=\toks19
\ex@=\dimen142
))
(C:\Users\Uporabnik\Documents\MATLAB\tex/latex/amsmath\amsbsy.sty
Package: amsbsy 1999/11/29 v1.2d Bold Symbols
\pmbraise@=\dimen143
)
(C:\Users\Uporabnik\Documents\MATLAB\tex/latex/amsmath\amsopn.sty
Package: amsopn 2016/03/08 v2.02 operator names
)
\inf@bad=\count192
LaTeX Info: Redefining \frac on input line 234.
\uproot@=\count193
\leftroot@=\count194
LaTeX Info: Redefining \overline on input line 399.
\classnum@=\count195
\DOTSCASE@=\count196
LaTeX Info: Redefining \ldots on input line 496.
LaTeX Info: Redefining \dots on input line 499.
LaTeX Info: Redefining \cdots on input line 620.
\Mathstrutbox@=\box52
\strutbox@=\box53
\big@size=\dimen144
LaTeX Font Info:    Redeclaring font encoding OML on input line 743.
LaTeX Font Info:    Redeclaring font encoding OMS on input line 744.
\macc@depth=\count197
\c@MaxMatrixCols=\count198
\dotsspace@=\muskip16
\c@parentequation=\count199
\dspbrk@lvl=\count266
\tag@help=\toks20
\row@=\count267
\column@=\count268
\maxfields@=\count269
\andhelp@=\toks21
\eqnshift@=\dimen145
\alignsep@=\dimen146
\tagshift@=\dimen147
\tagwidth@=\dimen148
\totwidth@=\dimen149
\lineht@=\dimen150
\@envbody=\toks22
\multlinegap=\skip52
\multlinetaggap=\skip53
\mathdisplay@stack=\toks23
LaTeX Info: Redefining \[ on input line 2923.
LaTeX Info: Redefining \] on input line 2924.
)
(C:\Users\Uporabnik\Documents\MATLAB\tex/latex/units\units.sty
Package: units 1998/08/04 v0.9b Typesetting units

(C:\Users\Uporabnik\Documents\MATLAB\tex/latex/base\ifthen.sty
Package: ifthen 2020/11/24 v1.1c Standard LaTeX ifthen package (DPC)
)
(C:\Users\Uporabnik\Documents\MATLAB\tex/latex/units\nicefrac.sty
Package: nicefrac 1998/08/04 v0.9b Nice fractions
\L@UnitsRaiseDisplaystyle=\skip54
\L@UnitsRaiseTextstyle=\skip55
\L@UnitsRaiseScriptstyle=\skip56
))
(C:\Users\Uporabnik\Documents\MATLAB\tex/latex/eurosym\eurosym.sty
Package: eurosym 1998/08/06 v1.1 European currency symbol ``Euro''
\@eurobox=\box54
)
(C:\Users\Uporabnik\Documents\MATLAB\tex/latex/amsfonts\amsfonts.sty
Package: amsfonts 2013/01/14 v3.01 Basic AMSFonts support
\symAMSa=\mathgroup4
\symAMSb=\mathgroup5
LaTeX Font Info:    Redeclaring math symbol \hbar on input line 98.
LaTeX Font Info:    Overwriting math alphabet `\mathfrak' in version `bold'
(Font)                  U/euf/m/n --> U/euf/b/n on input line 106.
)
(C:\Users\Uporabnik\Documents\MATLAB\tex/latex/fancyhdr\fancyhdr.sty
Package: fancyhdr 2021/01/28 v4.0.1 Extensive control of page headers and foote
rs
\f@nch@headwidth=\skip57
\f@nch@O@elh=\skip58
\f@nch@O@erh=\skip59
\f@nch@O@olh=\skip60
\f@nch@O@orh=\skip61
\f@nch@O@elf=\skip62
\f@nch@O@erf=\skip63
\f@nch@O@olf=\skip64
\f@nch@O@orf=\skip65
)
(C:\Users\Uporabnik\Documents\MATLAB\tex/latex/amsfonts\amssymb.sty
Package: amssymb 2013/01/14 v3.01 AMS font symbols
)
(C:\Users\Uporabnik\Documents\MATLAB\tex/latex/amscls\amsthm.sty
Package: amsthm 2020/05/29 v2.20.6
\thm@style=\toks24
\thm@bodyfont=\toks25
\thm@headfont=\toks26
\thm@notefont=\toks27
\thm@headpunct=\toks28
\thm@preskip=\skip66
\thm@postskip=\skip67
\thm@headsep=\skip68
\dth@everypar=\toks29
)
(C:\Users\Uporabnik\Documents\MATLAB\tex/latex/bbm\bbm.sty
Package: bbm 1999/03/15 V 1.2 provides fonts for set symbols - TH
LaTeX Font Info:    Overwriting math alphabet `\mathbbm' in version `bold'
(Font)                  U/bbm/m/n --> U/bbm/bx/n on input line 33.
LaTeX Font Info:    Overwriting math alphabet `\mathbbmss' in version `bold'
(Font)                  U/bbmss/m/n --> U/bbmss/bx/n on input line 35.
)
(C:\Users\Uporabnik\Documents\MATLAB\tex/latex/tools\enumerate.sty
Package: enumerate 2015/07/23 v3.00 enumerate extensions (DPC)
\@enLab=\toks30
)
(C:\Users\Uporabnik\Documents\MATLAB\tex/latex/mdwtools\mdwlist.sty
Package: mdwlist 1996/05/02 1.1 Various list-related things
)
(C:\Users\Uporabnik\Documents\MATLAB\tex/latex/url\url.sty
\Urlmuskip=\muskip17
Package: url 2013/09/16  ver 3.4  Verb mode for urls, etc.
)
(C:\Users\Uporabnik\Documents\MATLAB\tex/latex/multirow\multirow.sty
Package: multirow 2021/03/15 v2.8 Span multiple rows of a table
\multirow@colwidth=\skip69
\multirow@cntb=\count270
\multirow@dima=\skip70
\bigstrutjot=\dimen151
)
(C:\Users\Uporabnik\Documents\MATLAB\tex/latex/hyperref\hyperref.sty
Package: hyperref 2021-06-05 v7.00l Hypertext links for LaTeX

(C:\Users\Uporabnik\Documents\MATLAB\tex/generic/ltxcmds\ltxcmds.sty
Package: ltxcmds 2020-05-10 v1.25 LaTeX kernel commands for general use (HO)
)
(C:\Users\Uporabnik\Documents\MATLAB\tex/generic/iftex\iftex.sty
Package: iftex 2020/03/06 v1.0d TeX engine tests
)
(C:\Users\Uporabnik\Documents\MATLAB\tex/generic/pdftexcmds\pdftexcmds.sty
Package: pdftexcmds 2020-06-27 v0.33 Utility functions of pdfTeX for LuaTeX (HO
)

(C:\Users\Uporabnik\Documents\MATLAB\tex/generic/infwarerr\infwarerr.sty
Package: infwarerr 2019/12/03 v1.5 Providing info/warning/error messages (HO)
)
Package pdftexcmds Info: \pdf@primitive is available.
Package pdftexcmds Info: \pdf@ifprimitive is available.
Package pdftexcmds Info: \pdfdraftmode found.
)
(C:\Users\Uporabnik\Documents\MATLAB\tex/latex/graphics\keyval.sty
Package: keyval 2014/10/28 v1.15 key=value parser (DPC)
\KV@toks@=\toks31
)
(C:\Users\Uporabnik\Documents\MATLAB\tex/generic/kvsetkeys\kvsetkeys.sty
Package: kvsetkeys 2019/12/15 v1.18 Key value parser (HO)
)
(C:\Users\Uporabnik\Documents\MATLAB\tex/generic/kvdefinekeys\kvdefinekeys.sty
Package: kvdefinekeys 2019-12-19 v1.6 Define keys (HO)
) (C:\Users\Uporabnik\Documents\MATLAB\tex/generic/pdfescape\pdfescape.sty
Package: pdfescape 2019/12/09 v1.15 Implements pdfTeX's escape features (HO)
)
(C:\Users\Uporabnik\Documents\MATLAB\tex/latex/hycolor\hycolor.sty
Package: hycolor 2020-01-27 v1.10 Color options for hyperref/bookmark (HO)
)
(C:\Users\Uporabnik\Documents\MATLAB\tex/latex/letltxmacro\letltxmacro.sty
Package: letltxmacro 2019/12/03 v1.6 Let assignment for LaTeX macros (HO)
)
(C:\Users\Uporabnik\Documents\MATLAB\tex/latex/auxhook\auxhook.sty
Package: auxhook 2019-12-17 v1.6 Hooks for auxiliary files (HO)
)
(C:\Users\Uporabnik\Documents\MATLAB\tex/latex/kvoptions\kvoptions.sty
Package: kvoptions 2020-10-07 v3.14 Key value format for package options (HO)
)
\@linkdim=\dimen152
\Hy@linkcounter=\count271
\Hy@pagecounter=\count272

(C:\Users\Uporabnik\Documents\MATLAB\tex/latex/hyperref\pd1enc.def
File: pd1enc.def 2021-06-05 v7.00l Hyperref: PDFDocEncoding definition (HO)
Now handling font encoding PD1 ...
... no UTF-8 mapping file for font encoding PD1
)
(C:\Users\Uporabnik\Documents\MATLAB\tex/latex/hyperref\hyperref-langpatches.de
f
File: hyperref-langpatches.def 2021-06-05 v7.00l Hyperref: patches for babel la
nguages
) (C:\Users\Uporabnik\Documents\MATLAB\tex/generic/intcalc\intcalc.sty
Package: intcalc 2019/12/15 v1.3 Expandable calculations with integers (HO)
)
(C:\Users\Uporabnik\Documents\MATLAB\tex/generic/etexcmds\etexcmds.sty
Package: etexcmds 2019/12/15 v1.7 Avoid name clashes with e-TeX commands (HO)
)
\Hy@SavedSpaceFactor=\count273

(C:\Users\Uporabnik\Documents\MATLAB\tex/latex/hyperref\puenc.def
File: puenc.def 2021-06-05 v7.00l Hyperref: PDF Unicode definition (HO)
Now handling font encoding PU ...
... no UTF-8 mapping file for font encoding PU
)
Package hyperref Info: Hyper figures OFF on input line 4192.
Package hyperref Info: Link nesting OFF on input line 4197.
Package hyperref Info: Hyper index ON on input line 4200.
Package hyperref Info: Plain pages OFF on input line 4207.
Package hyperref Info: Backreferencing OFF on input line 4212.
Package hyperref Info: Implicit mode ON; LaTeX internals redefined.
Package hyperref Info: Bookmarks ON on input line 4445.
\c@Hy@tempcnt=\count274
LaTeX Info: Redefining \url on input line 4804.
\XeTeXLinkMargin=\dimen153

(C:\Users\Uporabnik\Documents\MATLAB\tex/generic/bitset\bitset.sty
Package: bitset 2019/12/09 v1.3 Handle bit-vector datatype (HO)

(C:\Users\Uporabnik\Documents\MATLAB\tex/generic/bigintcalc\bigintcalc.sty
Package: bigintcalc 2019/12/15 v1.5 Expandable calculations on big integers (HO
)
))
\Fld@menulength=\count275
\Field@Width=\dimen154
\Fld@charsize=\dimen155
Package hyperref Info: Hyper figures OFF on input line 6076.
Package hyperref Info: Link nesting OFF on input line 6081.
Package hyperref Info: Hyper index ON on input line 6084.
Package hyperref Info: backreferencing OFF on input line 6091.
Package hyperref Info: Link coloring OFF on input line 6096.
Package hyperref Info: Link coloring with OCG OFF on input line 6101.
Package hyperref Info: PDF/A mode OFF on input line 6106.
LaTeX Info: Redefining \ref on input line 6146.
LaTeX Info: Redefining \pageref on input line 6150.

(C:\Users\Uporabnik\Documents\MATLAB\tex/latex/base\atbegshi-ltx.sty
Package: atbegshi-ltx 2021/01/10 v1.0c Emulation of the original atbegshi
package with kernel methods
)
\Hy@abspage=\count276
\c@Item=\count277
\c@Hfootnote=\count278
)
Package hyperref Info: Driver (autodetected): hpdftex.

(C:\Users\Uporabnik\Documents\MATLAB\tex/latex/hyperref\hpdftex.def
File: hpdftex.def 2021-06-05 v7.00l Hyperref driver for pdfTeX

(C:\Users\Uporabnik\Documents\MATLAB\tex/latex/base\atveryend-ltx.sty
Package: atveryend-ltx 2020/08/19 v1.0a Emulation of the original atvery packag
e
with kernel methods
)
\Fld@listcount=\count279
\c@bookmark@seq@number=\count280

(C:\Users\Uporabnik\Documents\MATLAB\tex/latex/rerunfilecheck\rerunfilecheck.st
y
Package: rerunfilecheck 2019/12/05 v1.9 Rerun checks for auxiliary files (HO)

(C:\Users\Uporabnik\Documents\MATLAB\tex/generic/uniquecounter\uniquecounter.st
y
Package: uniquecounter 2019/12/15 v1.4 Provide unlimited unique counter (HO)
)
Package uniquecounter Info: New unique counter `rerunfilecheck' on input line 2
86.
)
\Hy@SectionHShift=\skip71
) (C:\Users\Uporabnik\Documents\MATLAB\tex/latex/graphics\graphicx.sty
Package: graphicx 2020/12/05 v1.2c Enhanced LaTeX Graphics (DPC,SPQR)

(C:\Users\Uporabnik\Documents\MATLAB\tex/latex/graphics\graphics.sty
Package: graphics 2021/03/04 v1.4d Standard LaTeX Graphics (DPC,SPQR)

(C:\Users\Uporabnik\Documents\MATLAB\tex/latex/graphics\trig.sty
Package: trig 2016/01/03 v1.10 sin cos tan (DPC)
)
(C:\Users\Uporabnik\Documents\MATLAB\tex/latex/graphics-cfg\graphics.cfg
File: graphics.cfg 2016/06/04 v1.11 sample graphics configuration
)
Package graphics Info: Driver file: pdftex.def on input line 107.

(C:\Users\Uporabnik\Documents\MATLAB\tex/latex/graphics-def\pdftex.def
File: pdftex.def 2020/10/05 v1.2a Graphics/color driver for pdftex
))
\Gin@req@height=\dimen156
\Gin@req@width=\dimen157
)
(C:\Users\Uporabnik\Documents\MATLAB\tex/latex/pdfpages\pdfpages.sty
Package: pdfpages 2021/03/06 v0.5t Insert pages of external PDF documents (AM)

(C:\Users\Uporabnik\Documents\MATLAB\tex/latex/tools\calc.sty
Package: calc 2017/05/25 v4.3 Infix arithmetic (KKT,FJ)
\calc@Acount=\count281
\calc@Bcount=\count282
\calc@Adimen=\dimen158
\calc@Bdimen=\dimen159
\calc@Askip=\skip72
\calc@Bskip=\skip73
LaTeX Info: Redefining \setlength on input line 80.
LaTeX Info: Redefining \addtolength on input line 81.
\calc@Ccount=\count283
\calc@Cskip=\skip74
)
(C:\Users\Uporabnik\Documents\MATLAB\tex/latex/eso-pic\eso-pic.sty
Package: eso-pic 2020/10/14 v3.0a eso-pic (RN)
\ESO@tempdima=\dimen160
\ESO@tempdimb=\dimen161

(C:\Users\Uporabnik\Documents\MATLAB\tex/latex/xcolor\xcolor.sty
Package: xcolor 2016/05/11 v2.12 LaTeX color extensions (UK)

(C:\Users\Uporabnik\Documents\MATLAB\tex/latex/graphics-cfg\color.cfg
File: color.cfg 2016/01/02 v1.6 sample color configuration
)
Package xcolor Info: Driver file: pdftex.def on input line 225.
Package xcolor Info: Model `cmy' substituted by `cmy0' on input line 1348.
Package xcolor Info: Model `hsb' substituted by `rgb' on input line 1352.
Package xcolor Info: Model `RGB' extended on input line 1364.
Package xcolor Info: Model `HTML' substituted by `rgb' on input line 1366.
Package xcolor Info: Model `Hsb' substituted by `hsb' on input line 1367.
Package xcolor Info: Model `tHsb' substituted by `hsb' on input line 1368.
Package xcolor Info: Model `HSB' substituted by `hsb' on input line 1369.
Package xcolor Info: Model `Gray' substituted by `gray' on input line 1370.
Package xcolor Info: Model `wave' substituted by `hsb' on input line 1371.
))
\AM@pagewidth=\dimen162
\AM@pageheight=\dimen163
\AM@fboxrule=\dimen164

(C:\Users\Uporabnik\Documents\MATLAB\tex/latex/pdfpages\pppdftex.def
File: pppdftex.def 2021/03/06 v0.5t Pdfpages driver for pdfTeX (AM)
)
\pdfpages@includegraphics@status=\count284
\AM@pagebox=\box55
\AM@global@opts=\toks32
\AM@pagecnt=\count285
\AM@toc@title=\toks33
\c@AM@survey=\count286
\AM@templatesizebox=\box56
)
(C:\Users\Uporabnik\Documents\MATLAB\tex/latex/comment\comment.sty
\CommentStream=\write3

Excluding comment 'comment')
(C:\Users\Uporabnik\Documents\MATLAB\tex/latex/breqn\breqn.sty
(C:\Users\Uporabnik\Documents\MATLAB\tex/latex/l3kernel\expl3.sty
Package: expl3 2021-06-01 L3 programming layer (loader) 

(C:\Users\Uporabnik\Documents\MATLAB\tex/latex/l3backend\l3backend-pdftex.def
File: l3backend-pdftex.def 2021-05-07 L3 backend support: PDF output (pdfTeX)
\l__color_backend_stack_int=\count287
\l__pdf_internal_box=\box57
))
Package: breqn 2020/09/24 v0.98k Breaking equations
(C:\Users\Uporabnik\Documents\MATLAB\tex/latex/breqn\flexisym.sty
Package: flexisym 2020/09/24 v0.98k Make math characters macros
LaTeX Info: Redefining \textprime on input line 299.
LaTeX Info: Redefining \not on input line 357.

(C:\Users\Uporabnik\Documents\MATLAB\tex/latex/breqn\cmbase.sym
File: cmbase.sym 2007/12/19 v0.92
LaTeX Info: Redefining \hbar on input line 324.
LaTeX Info: Redefining \surd on input line 326.
LaTeX Info: Redefining \angle on input line 334.
LaTeX Info: Redefining \neq on input line 335.
LaTeX Info: Redefining \mapsto on input line 336.
LaTeX Info: Redefining \cong on input line 337.
LaTeX Info: Redefining \notin on input line 340.
LaTeX Info: Redefining \rightleftharpoons on input line 341.
LaTeX Info: Redefining \doteq on input line 342.
LaTeX Info: Redefining \hookrightarrow on input line 343.
LaTeX Info: Redefining \hookleftarrow on input line 344.
LaTeX Info: Redefining \bowtie on input line 345.
LaTeX Info: Redefining \models on input line 346.
LaTeX Info: Redefining \Longrightarrow on input line 347.
LaTeX Info: Redefining \longrightarrow on input line 348.
LaTeX Info: Redefining \Longleftarrow on input line 349.
LaTeX Info: Redefining \longleftarrow on input line 350.
LaTeX Info: Redefining \longmapsto on input line 351.
LaTeX Info: Redefining \longleftrightarrow on input line 352.
LaTeX Info: Redefining \Longleftrightarrow on input line 353.
LaTeX Info: Redefining \cdots on input line 357.
LaTeX Info: Redefining \vdots on input line 360.
LaTeX Info: Redefining \ddots on input line 365.
)
(C:\Users\Uporabnik\Documents\MATLAB\tex/latex/breqn\mathstyle.sty
Package: mathstyle 2020/09/24 v0.98k Tracking mathstyle implicitly
LaTeX Info: Redefining \displaystyle on input line 95.
LaTeX Info: Redefining \textstyle on input line 97.
LaTeX Info: Redefining \scriptstyle on input line 99.
LaTeX Info: Redefining \scriptscriptstyle on input line 101.
LaTeX Info: Redefining \genfrac on input line 149.
))
\inf@bad=\count288
\maxint=\count289
\listwidth=\dimen165
\eqnumsep=\dimen166
\eqmargin=\dimen167
\eqlinespacing=\skip75
\eqlineskip=\skip76
\eqlineskiplimit=\dimen168
\eqbinoffset=\muskip18
\eqdelimoffset=\muskip19
\eqindentstep=\dimen169
\eqstyle=\toks34
\eqbreakdepth=\count290
\eqinterlinepenalty=\count291
\intereqpenalty=\count292
\intereqskip=\skip77
\prerelpenalty=\count293
\prebinoppenalty=\count294
\Dmedmuskip=\muskip20
\Dthickmuskip=\muskip21
\eqleftskip=\skip78
\eqrightskip=\skip79
\eq@vspan=\skip80
\eq@binoffset=\muskip22
\EQ@box=\box58
\EQ@copy=\box59
\EQ@numbox=\box60
\eq@wdNum=\dimen170
\GRP@numbox=\box61
\grp@wdNum=\dimen171
\eq@lines=\count295
\eq@curline=\count296
\eq@badness=\count297
\EQ@vims=\count298
\eq@dp=\dimen172
\eq@wdL=\dimen173
\eq@wdT=\dimen174
\eq@wdMin=\dimen175
\grp@wdL=\dimen176
\grp@wdR=\dimen177
\grp@wdT=\dimen178
\eq@wdRmax=\dimen179
\eq@firstht=\dimen180
\eq@wdCond=\dimen181
\eq@indentstep=\dimen182
\eq@linewidth=\dimen183
\grp@linewidth=\dimen184
\eq@hshift=\dimen185
\eq@given@sidespace=\dimen186
\mathindent=\dimen187
\eq@final@linecount=\count299
\eq@wdR=\dimen188
\EQ@continue=\toks35
\lr@level=\count300
\GRP@queue=\toks36
\GRP@box=\box62
\GRP@wholebox=\box63
\darraycolsep=\skip81
\cur@row=\count301
\cur@col=\count302
\conditionsep=\skip82
)
(C:\Users\Uporabnik\Documents\MATLAB\tex/latex/caption\caption.sty
Package: caption 2020/10/26 v3.5g Customizing captions (AR)

(C:\Users\Uporabnik\Documents\MATLAB\tex/latex/caption\caption3.sty
Package: caption3 2020/10/21 v2.2e caption3 kernel (AR)
\captionmargin=\dimen189
\captionmargin@=\dimen190
\captionwidth=\dimen191
\caption@tempdima=\dimen192
\caption@indent=\dimen193
\caption@parindent=\dimen194
\caption@hangindent=\dimen195
Package caption Info: Standard document class detected.
)
\c@caption@flags=\count303
\c@continuedfloat=\count304
Package caption Info: hyperref package is loaded.
)
(C:\Users\Uporabnik\Documents\MATLAB\tex/latex/caption\subcaption.sty
Package: subcaption 2020/10/07 v1.3j Sub-captions (AR)
\c@subfigure=\count305
\c@subtable=\count306
)
(C:\Users\Uporabnik\Documents\MATLAB\tex/latex/float\float.sty
Package: float 2001/11/08 v1.3d Float enhancements (AL)
\c@float@type=\count307
\float@exts=\toks37
\float@box=\box64
\@float@everytoks=\toks38
\@floatcapt=\box65
)
(C:\Users\Uporabnik\Documents\MATLAB\tex/latex/pgf/frontendlayer\tikz.sty
(C:\Users\Uporabnik\Documents\MATLAB\tex/latex/pgf/basiclayer\pgf.sty
(C:\Users\Uporabnik\Documents\MATLAB\tex/latex/pgf/utilities\pgfrcs.sty
(C:\Users\Uporabnik\Documents\MATLAB\tex/generic/pgf/utilities\pgfutil-common.t
ex
\pgfutil@everybye=\toks39
\pgfutil@tempdima=\dimen196
\pgfutil@tempdimb=\dimen197

(C:\Users\Uporabnik\Documents\MATLAB\tex/generic/pgf/utilities\pgfutil-common-l
ists.tex))
(C:\Users\Uporabnik\Documents\MATLAB\tex/generic/pgf/utilities\pgfutil-latex.de
f
\pgfutil@abb=\box66
)
(C:\Users\Uporabnik\Documents\MATLAB\tex/generic/pgf/utilities\pgfrcs.code.tex
(C:\Users\Uporabnik\Documents\MATLAB\tex/generic/pgf\pgf.revision.tex)
Package: pgfrcs 2021/05/15 v3.1.9a (3.1.9a)
))
Package: pgf 2021/05/15 v3.1.9a (3.1.9a)

(C:\Users\Uporabnik\Documents\MATLAB\tex/latex/pgf/basiclayer\pgfcore.sty
(C:\Users\Uporabnik\Documents\MATLAB\tex/latex/pgf/systemlayer\pgfsys.sty
(C:\Users\Uporabnik\Documents\MATLAB\tex/generic/pgf/systemlayer\pgfsys.code.te
x
Package: pgfsys 2021/05/15 v3.1.9a (3.1.9a)

(C:\Users\Uporabnik\Documents\MATLAB\tex/generic/pgf/utilities\pgfkeys.code.tex
\pgfkeys@pathtoks=\toks40
\pgfkeys@temptoks=\toks41

(C:\Users\Uporabnik\Documents\MATLAB\tex/generic/pgf/utilities\pgfkeysfiltered.
code.tex
\pgfkeys@tmptoks=\toks42
))
\pgf@x=\dimen198
\pgf@y=\dimen199
\pgf@xa=\dimen256
\pgf@ya=\dimen257
\pgf@xb=\dimen258
\pgf@yb=\dimen259
\pgf@xc=\dimen260
\pgf@yc=\dimen261
\pgf@xd=\dimen262
\pgf@yd=\dimen263
\w@pgf@writea=\write4
\r@pgf@reada=\read3
\c@pgf@counta=\count308
\c@pgf@countb=\count309
\c@pgf@countc=\count310
\c@pgf@countd=\count311
\t@pgf@toka=\toks43
\t@pgf@tokb=\toks44
\t@pgf@tokc=\toks45
\pgf@sys@id@count=\count312

(C:\Users\Uporabnik\Documents\MATLAB\tex/generic/pgf/systemlayer\pgf.cfg
File: pgf.cfg 2021/05/15 v3.1.9a (3.1.9a)
)
Driver file for pgf: pgfsys-pdftex.def

(C:\Users\Uporabnik\Documents\MATLAB\tex/generic/pgf/systemlayer\pgfsys-pdftex.
def
File: pgfsys-pdftex.def 2021/05/15 v3.1.9a (3.1.9a)

(C:\Users\Uporabnik\Documents\MATLAB\tex/generic/pgf/systemlayer\pgfsys-common-
pdf.def
File: pgfsys-common-pdf.def 2021/05/15 v3.1.9a (3.1.9a)
)))
(C:\Users\Uporabnik\Documents\MATLAB\tex/generic/pgf/systemlayer\pgfsyssoftpath
.code.tex
File: pgfsyssoftpath.code.tex 2021/05/15 v3.1.9a (3.1.9a)
\pgfsyssoftpath@smallbuffer@items=\count313
\pgfsyssoftpath@bigbuffer@items=\count314
)
(C:\Users\Uporabnik\Documents\MATLAB\tex/generic/pgf/systemlayer\pgfsysprotocol
.code.tex
File: pgfsysprotocol.code.tex 2021/05/15 v3.1.9a (3.1.9a)
))
(C:\Users\Uporabnik\Documents\MATLAB\tex/generic/pgf/basiclayer\pgfcore.code.te
x
Package: pgfcore 2021/05/15 v3.1.9a (3.1.9a)
 (C:\Users\Uporabnik\Documents\MATLAB\tex/generic/pgf/math\pgfmath.code.tex
(C:\Users\Uporabnik\Documents\MATLAB\tex/generic/pgf/math\pgfmathcalc.code.tex
(C:\Users\Uporabnik\Documents\MATLAB\tex/generic/pgf/math\pgfmathutil.code.tex)

(C:\Users\Uporabnik\Documents\MATLAB\tex/generic/pgf/math\pgfmathparser.code.te
x
\pgfmath@dimen=\dimen264
\pgfmath@count=\count315
\pgfmath@box=\box67
\pgfmath@toks=\toks46
\pgfmath@stack@operand=\toks47
\pgfmath@stack@operation=\toks48
)
(C:\Users\Uporabnik\Documents\MATLAB\tex/generic/pgf/math\pgfmathfunctions.code
.tex
(C:\Users\Uporabnik\Documents\MATLAB\tex/generic/pgf/math\pgfmathfunctions.basi
c.code.tex)
(C:\Users\Uporabnik\Documents\MATLAB\tex/generic/pgf/math\pgfmathfunctions.trig
onometric.code.tex)
(C:\Users\Uporabnik\Documents\MATLAB\tex/generic/pgf/math\pgfmathfunctions.rand
om.code.tex)
(C:\Users\Uporabnik\Documents\MATLAB\tex/generic/pgf/math\pgfmathfunctions.comp
arison.code.tex)
(C:\Users\Uporabnik\Documents\MATLAB\tex/generic/pgf/math\pgfmathfunctions.base
.code.tex)
(C:\Users\Uporabnik\Documents\MATLAB\tex/generic/pgf/math\pgfmathfunctions.roun
d.code.tex)
(C:\Users\Uporabnik\Documents\MATLAB\tex/generic/pgf/math\pgfmathfunctions.misc
.code.tex)
(C:\Users\Uporabnik\Documents\MATLAB\tex/generic/pgf/math\pgfmathfunctions.inte
gerarithmetics.code.tex)))
(C:\Users\Uporabnik\Documents\MATLAB\tex/generic/pgf/math\pgfmathfloat.code.tex
\c@pgfmathroundto@lastzeros=\count316
)) (C:\Users\Uporabnik\Documents\MATLAB\tex/generic/pgf/math\pgfint.code.tex)
(C:\Users\Uporabnik\Documents\MATLAB\tex/generic/pgf/basiclayer\pgfcorepoints.c
ode.tex
File: pgfcorepoints.code.tex 2021/05/15 v3.1.9a (3.1.9a)
\pgf@picminx=\dimen265
\pgf@picmaxx=\dimen266
\pgf@picminy=\dimen267
\pgf@picmaxy=\dimen268
\pgf@pathminx=\dimen269
\pgf@pathmaxx=\dimen270
\pgf@pathminy=\dimen271
\pgf@pathmaxy=\dimen272
\pgf@xx=\dimen273
\pgf@xy=\dimen274
\pgf@yx=\dimen275
\pgf@yy=\dimen276
\pgf@zx=\dimen277
\pgf@zy=\dimen278
)
(C:\Users\Uporabnik\Documents\MATLAB\tex/generic/pgf/basiclayer\pgfcorepathcons
truct.code.tex
File: pgfcorepathconstruct.code.tex 2021/05/15 v3.1.9a (3.1.9a)
\pgf@path@lastx=\dimen279
\pgf@path@lasty=\dimen280
)
(C:\Users\Uporabnik\Documents\MATLAB\tex/generic/pgf/basiclayer\pgfcorepathusag
e.code.tex
File: pgfcorepathusage.code.tex 2021/05/15 v3.1.9a (3.1.9a)
\pgf@shorten@end@additional=\dimen281
\pgf@shorten@start@additional=\dimen282
)
(C:\Users\Uporabnik\Documents\MATLAB\tex/generic/pgf/basiclayer\pgfcorescopes.c
ode.tex
File: pgfcorescopes.code.tex 2021/05/15 v3.1.9a (3.1.9a)
\pgfpic=\box68
\pgf@hbox=\box69
\pgf@layerbox@main=\box70
\pgf@picture@serial@count=\count317
)
(C:\Users\Uporabnik\Documents\MATLAB\tex/generic/pgf/basiclayer\pgfcoregraphics
tate.code.tex
File: pgfcoregraphicstate.code.tex 2021/05/15 v3.1.9a (3.1.9a)
\pgflinewidth=\dimen283
)
(C:\Users\Uporabnik\Documents\MATLAB\tex/generic/pgf/basiclayer\pgfcoretransfor
mations.code.tex
File: pgfcoretransformations.code.tex 2021/05/15 v3.1.9a (3.1.9a)
\pgf@pt@x=\dimen284
\pgf@pt@y=\dimen285
\pgf@pt@temp=\dimen286
)
(C:\Users\Uporabnik\Documents\MATLAB\tex/generic/pgf/basiclayer\pgfcorequick.co
de.tex
File: pgfcorequick.code.tex 2021/05/15 v3.1.9a (3.1.9a)
)
(C:\Users\Uporabnik\Documents\MATLAB\tex/generic/pgf/basiclayer\pgfcoreobjects.
code.tex
File: pgfcoreobjects.code.tex 2021/05/15 v3.1.9a (3.1.9a)
)
(C:\Users\Uporabnik\Documents\MATLAB\tex/generic/pgf/basiclayer\pgfcorepathproc
essing.code.tex
File: pgfcorepathprocessing.code.tex 2021/05/15 v3.1.9a (3.1.9a)
)
(C:\Users\Uporabnik\Documents\MATLAB\tex/generic/pgf/basiclayer\pgfcorearrows.c
ode.tex
File: pgfcorearrows.code.tex 2021/05/15 v3.1.9a (3.1.9a)
\pgfarrowsep=\dimen287
)
(C:\Users\Uporabnik\Documents\MATLAB\tex/generic/pgf/basiclayer\pgfcoreshade.co
de.tex
File: pgfcoreshade.code.tex 2021/05/15 v3.1.9a (3.1.9a)
\pgf@max=\dimen288
\pgf@sys@shading@range@num=\count318
\pgf@shadingcount=\count319
)
(C:\Users\Uporabnik\Documents\MATLAB\tex/generic/pgf/basiclayer\pgfcoreimage.co
de.tex
File: pgfcoreimage.code.tex 2021/05/15 v3.1.9a (3.1.9a)

(C:\Users\Uporabnik\Documents\MATLAB\tex/generic/pgf/basiclayer\pgfcoreexternal
.code.tex
File: pgfcoreexternal.code.tex 2021/05/15 v3.1.9a (3.1.9a)
\pgfexternal@startupbox=\box71
))
(C:\Users\Uporabnik\Documents\MATLAB\tex/generic/pgf/basiclayer\pgfcorelayers.c
ode.tex
File: pgfcorelayers.code.tex 2021/05/15 v3.1.9a (3.1.9a)
)
(C:\Users\Uporabnik\Documents\MATLAB\tex/generic/pgf/basiclayer\pgfcoretranspar
ency.code.tex
File: pgfcoretransparency.code.tex 2021/05/15 v3.1.9a (3.1.9a)
)
(C:\Users\Uporabnik\Documents\MATLAB\tex/generic/pgf/basiclayer\pgfcorepatterns
.code.tex
File: pgfcorepatterns.code.tex 2021/05/15 v3.1.9a (3.1.9a)
)
(C:\Users\Uporabnik\Documents\MATLAB\tex/generic/pgf/basiclayer\pgfcorerdf.code
.tex
File: pgfcorerdf.code.tex 2021/05/15 v3.1.9a (3.1.9a)
)))
(C:\Users\Uporabnik\Documents\MATLAB\tex/generic/pgf/modules\pgfmoduleshapes.co
de.tex
File: pgfmoduleshapes.code.tex 2021/05/15 v3.1.9a (3.1.9a)
\pgfnodeparttextbox=\box72
)
(C:\Users\Uporabnik\Documents\MATLAB\tex/generic/pgf/modules\pgfmoduleplot.code
.tex
File: pgfmoduleplot.code.tex 2021/05/15 v3.1.9a (3.1.9a)
)
(C:\Users\Uporabnik\Documents\MATLAB\tex/latex/pgf/compatibility\pgfcomp-versio
n-0-65.sty
Package: pgfcomp-version-0-65 2021/05/15 v3.1.9a (3.1.9a)
\pgf@nodesepstart=\dimen289
\pgf@nodesepend=\dimen290
)
(C:\Users\Uporabnik\Documents\MATLAB\tex/latex/pgf/compatibility\pgfcomp-versio
n-1-18.sty
Package: pgfcomp-version-1-18 2021/05/15 v3.1.9a (3.1.9a)
))
(C:\Users\Uporabnik\Documents\MATLAB\tex/latex/pgf/utilities\pgffor.sty
(C:\Users\Uporabnik\Documents\MATLAB\tex/latex/pgf/utilities\pgfkeys.sty
(C:\Users\Uporabnik\Documents\MATLAB\tex/generic/pgf/utilities\pgfkeys.code.tex
)) (C:\Users\Uporabnik\Documents\MATLAB\tex/latex/pgf/math\pgfmath.sty
(C:\Users\Uporabnik\Documents\MATLAB\tex/generic/pgf/math\pgfmath.code.tex))
(C:\Users\Uporabnik\Documents\MATLAB\tex/generic/pgf/utilities\pgffor.code.tex
Package: pgffor 2021/05/15 v3.1.9a (3.1.9a)

(C:\Users\Uporabnik\Documents\MATLAB\tex/generic/pgf/math\pgfmath.code.tex)
\pgffor@iter=\dimen291
\pgffor@skip=\dimen292
\pgffor@stack=\toks49
\pgffor@toks=\toks50
))
(C:\Users\Uporabnik\Documents\MATLAB\tex/generic/pgf/frontendlayer/tikz\tikz.co
de.tex
Package: tikz 2021/05/15 v3.1.9a (3.1.9a)

(C:\Users\Uporabnik\Documents\MATLAB\tex/generic/pgf/libraries\pgflibraryplotha
ndlers.code.tex
File: pgflibraryplothandlers.code.tex 2021/05/15 v3.1.9a (3.1.9a)
\pgf@plot@mark@count=\count320
\pgfplotmarksize=\dimen293
)
\tikz@lastx=\dimen294
\tikz@lasty=\dimen295
\tikz@lastxsaved=\dimen296
\tikz@lastysaved=\dimen297
\tikz@lastmovetox=\dimen298
\tikz@lastmovetoy=\dimen299
\tikzleveldistance=\dimen300
\tikzsiblingdistance=\dimen301
\tikz@figbox=\box73
\tikz@figbox@bg=\box74
\tikz@tempbox=\box75
\tikz@tempbox@bg=\box76
\tikztreelevel=\count321
\tikznumberofchildren=\count322
\tikznumberofcurrentchild=\count323
\tikz@fig@count=\count324

(C:\Users\Uporabnik\Documents\MATLAB\tex/generic/pgf/modules\pgfmodulematrix.co
de.tex
File: pgfmodulematrix.code.tex 2021/05/15 v3.1.9a (3.1.9a)
\pgfmatrixcurrentrow=\count325
\pgfmatrixcurrentcolumn=\count326
\pgf@matrix@numberofcolumns=\count327
)
\tikz@expandcount=\count328

(C:\Users\Uporabnik\Documents\MATLAB\tex/generic/pgf/frontendlayer/tikz/librari
es\tikzlibrarytopaths.code.tex
File: tikzlibrarytopaths.code.tex 2021/05/15 v3.1.9a (3.1.9a)
)))
(C:\Users\Uporabnik\Documents\MATLAB\tex/latex/l3packages/xfrac\xfrac.sty
(C:\Users\Uporabnik\Documents\MATLAB\tex/latex/l3packages/l3keys2e\l3keys2e.sty
Package: l3keys2e 2021-06-01 LaTeX2e option processing using LaTeX3 keys
) (C:\Users\Uporabnik\Documents\MATLAB\tex/latex/base\textcomp.sty
Package: textcomp 2020/02/02 v2.0n Standard LaTeX package
)
(C:\Users\Uporabnik\Documents\MATLAB\tex/latex/l3packages/xparse\xparse.sty
Package: xparse 2021-06-01 L3 Experimental document command parser
)
(C:\Users\Uporabnik\Documents\MATLAB\tex/latex/l3packages/xtemplate\xtemplate.s
ty
Package: xtemplate 2021-06-01 L3 Experimental prototype document functions
\l__xtemplate_tmp_dim=\dimen302
\l__xtemplate_tmp_int=\count329
\l__xtemplate_tmp_muskip=\muskip23
\l__xtemplate_tmp_skip=\skip83
)
Package: xfrac 2021-06-01 L3 Experimental split-level fractions
\l__xfrac_slash_box=\box77
\l__xfrac_tmp_box=\box78
\l__xfrac_denominator_bot_sep_dim=\dimen303
\l__xfrac_numerator_bot_sep_dim=\dimen304
\l__xfrac_numerator_top_sep_dim=\dimen305
\l__xfrac_slash_left_sep_dim=\dimen306
\l__xfrac_slash_right_sep_dim=\dimen307
\l__xfrac_slash_left_muskip=\muskip24
\l__xfrac_slash_right_muskip=\muskip25

Package xtemplate Info: Declaring object type 'xfrac' taking 3 argument(s) on
(xtemplate)             line 80.

)
   defining Unicode char U+2212 (decimal 8722)
\c@definicija=\count330
\odstavek=\skip84
LaTeX Font Info:    Trying to load font information for T1+lmr on input line 66
.
 (C:\Users\Uporabnik\Documents\MATLAB\tex/latex/lm\t1lmr.fd
File: t1lmr.fd 2009/10/30 v1.6 Font defs for Latin Modern
)
(neimenovana-4.aux)
\openout1 = `neimenovana-4.aux'.

LaTeX Font Info:    Checking defaults for OML/cmm/m/it on input line 66.
LaTeX Font Info:    ... okay on input line 66.
LaTeX Font Info:    Checking defaults for OMS/cmsy/m/n on input line 66.
LaTeX Font Info:    ... okay on input line 66.
LaTeX Font Info:    Checking defaults for OT1/cmr/m/n on input line 66.
LaTeX Font Info:    ... okay on input line 66.
LaTeX Font Info:    Checking defaults for T1/cmr/m/n on input line 66.
LaTeX Font Info:    ... okay on input line 66.
LaTeX Font Info:    Checking defaults for TS1/cmr/m/n on input line 66.
LaTeX Font Info:    ... okay on input line 66.
LaTeX Font Info:    Checking defaults for OMX/cmex/m/n on input line 66.
LaTeX Font Info:    ... okay on input line 66.
LaTeX Font Info:    Checking defaults for U/cmr/m/n on input line 66.
LaTeX Font Info:    ... okay on input line 66.
LaTeX Font Info:    Checking defaults for PD1/pdf/m/n on input line 66.
LaTeX Font Info:    ... okay on input line 66.
LaTeX Font Info:    Checking defaults for PU/pdf/m/n on input line 66.
LaTeX Font Info:    ... okay on input line 66.
Package hyperref Info: Link coloring OFF on input line 66.

(C:\Users\Uporabnik\Documents\MATLAB\tex/latex/hyperref\nameref.sty
Package: nameref 2021-04-02 v2.47 Cross-referencing by name of section

(C:\Users\Uporabnik\Documents\MATLAB\tex/latex/refcount\refcount.sty
Package: refcount 2019/12/15 v3.6 Data extraction from label references (HO)
)
(C:\Users\Uporabnik\Documents\MATLAB\tex/generic/gettitlestring\gettitlestring.
sty
Package: gettitlestring 2019/12/15 v1.6 Cleanup title references (HO)
)
\c@section@level=\count331
)
LaTeX Info: Redefining \ref on input line 66.
LaTeX Info: Redefining \pageref on input line 66.
LaTeX Info: Redefining \nameref on input line 66.
 (neimenovana-4.out) (neimenovana-4.out)
\@outlinefile=\write5
\openout5 = `neimenovana-4.out'.


(C:\Users\Uporabnik\Documents\MATLAB\tex/context/base/mkii\supp-pdf.mkii
[Loading MPS to PDF converter (version 2006.09.02).]
\scratchcounter=\count332
\scratchdimen=\dimen308
\scratchbox=\box79
\nofMPsegments=\count333
\nofMParguments=\count334
\everyMPshowfont=\toks51
\MPscratchCnt=\count335
\MPscratchDim=\dimen309
\MPnumerator=\count336
\makeMPintoPDFobject=\count337
\everyMPtoPDFconversion=\toks52
) (C:\Users\Uporabnik\Documents\MATLAB\tex/latex/epstopdf-pkg\epstopdf-base.sty
Package: epstopdf-base 2020-01-24 v2.11 Base part for package epstopdf
Package epstopdf-base Info: Redefining graphics rule for `.eps' on input line 4
85.
(C:\Users\Uporabnik\Documents\MATLAB\tex/latex/00miktex\epstopdf-sys.cfg
File: epstopdf-sys.cfg 2021/03/18 v2.0 Configuration of epstopdf for MiKTeX
))
(C:\Users\Uporabnik\Documents\MATLAB\tex/latex/pdflscape\pdflscape.sty
Package: pdflscape 2019/12/05 v0.12 Display of landscape pages in PDF (HO)

(C:\Users\Uporabnik\Documents\MATLAB\tex/latex/graphics\lscape.sty
Package: lscape 2020/05/28 v3.02 Landscape Pages (DPC)
)
Package pdflscape Info: Auto-detected driver: pdftex on input line 81.
)
Package caption Info: Begin \AtBeginDocument code.
Package caption Info: float package is loaded.
Package caption Info: End \AtBeginDocument code.
 [1

{C:/Users/Uporabnik/AppData/Local/MiKTeX/pdftex/config/pdftex.map}] (neimenovan
a-4.toc
LaTeX Font Info:    Trying to load font information for OT1+lmr on input line 5
.

(C:\Users\Uporabnik\Documents\MATLAB\tex/latex/lm\ot1lmr.fd
File: ot1lmr.fd 2009/10/30 v1.6 Font defs for Latin Modern
)
LaTeX Font Info:    Trying to load font information for OML+lmm on input line 5
.

(C:\Users\Uporabnik\Documents\MATLAB\tex/latex/lm\omllmm.fd
File: omllmm.fd 2009/10/30 v1.6 Font defs for Latin Modern
)
LaTeX Font Info:    Trying to load font information for OMS+lmsy on input line 
5.

(C:\Users\Uporabnik\Documents\MATLAB\tex/latex/lm\omslmsy.fd
File: omslmsy.fd 2009/10/30 v1.6 Font defs for Latin Modern
)
LaTeX Font Info:    Trying to load font information for OMX+lmex on input line 
5.

(C:\Users\Uporabnik\Documents\MATLAB\tex/latex/lm\omxlmex.fd
File: omxlmex.fd 2009/10/30 v1.6 Font defs for Latin Modern
)
LaTeX Font Info:    External font `lmex10' loaded for size
(Font)              <12> on input line 5.
LaTeX Font Info:    External font `lmex10' loaded for size
(Font)              <8> on input line 5.
LaTeX Font Info:    External font `lmex10' loaded for size
(Font)              <6> on input line 5.
LaTeX Font Info:    Trying to load font information for U+msa on input line 5.

(C:\Users\Uporabnik\Documents\MATLAB\tex/latex/amsfonts\umsa.fd
File: umsa.fd 2013/01/14 v3.01 AMS symbols A
)
LaTeX Font Info:    Trying to load font information for U+msb on input line 5.

(C:\Users\Uporabnik\Documents\MATLAB\tex/latex/amsfonts\umsb.fd
File: umsb.fd 2013/01/14 v3.01 AMS symbols B
))
\tf@toc=\write6
\openout6 = `neimenovana-4.toc'.


(neimenovana-4.lot)
\tf@lot=\write7
\openout7 = `neimenovana-4.lot'.

 (neimenovana-4.lof)
\tf@lof=\write8
\openout8 = `neimenovana-4.lof'.

 [2] [3]
Underfull \hbox (badness 10000) in paragraph at lines 113--114

 []


Underfull \hbox (badness 10000) in paragraph at lines 115--116

 []


Underfull \hbox (badness 10000) in paragraph at lines 117--118

 []


Underfull \hbox (badness 10000) in paragraph at lines 119--120

 []

[4]
Underfull \hbox (badness 10000) in paragraph at lines 124--126

 []


Underfull \hbox (badness 10000) in paragraph at lines 131--132

 []


Underfull \hbox (badness 10000) in paragraph at lines 133--135

 []


Underfull \hbox (badness 10000) in paragraph at lines 136--137

 []


Underfull \hbox (badness 10000) in paragraph at lines 138--139

 []

[5]
Underfull \hbox (badness 10000) in paragraph at lines 140--141

 []


Underfull \hbox (badness 10000) in paragraph at lines 146--147

 []


Underfull \hbox (badness 10000) in paragraph at lines 148--149

 []


Underfull \hbox (badness 10000) in paragraph at lines 150--151

 []


Underfull \hbox (badness 10000) in paragraph at lines 152--153

 []


Underfull \hbox (badness 10000) in paragraph at lines 154--155

 []

[6]
Underfull \hbox (badness 10000) in paragraph at lines 157--158

 []

LaTeX Font Info:    Trying to load font information for TS1+lmr on input line 1
61.
(C:\Users\Uporabnik\Documents\MATLAB\tex/latex/lm\ts1lmr.fd
File: ts1lmr.fd 2009/10/30 v1.6 Font defs for Latin Modern
)
Underfull \hbox (badness 10000) in paragraph at lines 168--169

 []

[7] [8]
Underfull \hbox (badness 10000) in paragraph at lines 201--202

 []


Underfull \hbox (badness 10000) in paragraph at lines 206--207

 []


Underfull \hbox (badness 10000) in paragraph at lines 212--213

 []


Underfull \hbox (badness 10000) in paragraph at lines 222--223

 []

[9]
Underfull \hbox (badness 10000) in paragraph at lines 243--246

 []


Underfull \hbox (badness 10000) in paragraph at lines 250--251

 []


Underfull \hbox (badness 10000) in paragraph at lines 256--257

 []


Underfull \hbox (badness 10000) in paragraph at lines 266--267

 []

[10]
Underfull \hbox (badness 10000) in paragraph at lines 274--275

 []


Underfull \hbox (badness 10000) in paragraph at lines 292--293

 []


Underfull \hbox (badness 10000) in paragraph at lines 294--295

 []


Underfull \hbox (badness 10000) in paragraph at lines 297--298

 []

[11]
Underfull \hbox (badness 10000) in paragraph at lines 306--307

 []


Underfull \hbox (badness 10000) in paragraph at lines 310--311

 []


Underfull \hbox (badness 10000) in paragraph at lines 318--319

 []


Underfull \hbox (badness 10000) in paragraph at lines 320--321

 []

[12]
Underfull \hbox (badness 10000) in paragraph at lines 337--338

 []

[13]
Underfull \hbox (badness 10000) in paragraph at lines 367--368

 []


Underfull \hbox (badness 10000) in paragraph at lines 373--374

 []

[14]
Underfull \hbox (badness 10000) in paragraph at lines 380--381

 []


Underfull \hbox (badness 10000) in paragraph at lines 389--390

 []


Underfull \hbox (badness 10000) in paragraph at lines 391--392

 []


Underfull \hbox (badness 10000) in paragraph at lines 394--395

 []

[15]
Underfull \hbox (badness 10000) in paragraph at lines 396--397

 []


Underfull \hbox (badness 10000) in paragraph at lines 399--400

 []


Underfull \hbox (badness 10000) in paragraph at lines 401--402

 []


Underfull \hbox (badness 10000) in paragraph at lines 403--404

 []

[16]
Underfull \hbox (badness 10000) in paragraph at lines 405--406

 []


Underfull \hbox (badness 10000) in paragraph at lines 410--411

 []


Underfull \hbox (badness 10000) in paragraph at lines 412--413

 []

[17]
Underfull \hbox (badness 10000) in paragraph at lines 414--415

 []


Underfull \hbox (badness 10000) in paragraph at lines 417--418

 []


Underfull \hbox (badness 10000) in paragraph at lines 433--434

 []

[18]
Underfull \hbox (badness 10000) in paragraph at lines 463--465

 []


Underfull \hbox (badness 10000) in paragraph at lines 467--474

 []

[19]
Underfull \hbox (badness 10000) in paragraph at lines 475--477

 []


Underfull \hbox (badness 10000) in paragraph at lines 478--481

 []


Underfull \hbox (badness 10000) in paragraph at lines 482--484

 []


Underfull \hbox (badness 10000) in paragraph at lines 497--498

 []

[20]
Underfull \hbox (badness 10000) in paragraph at lines 499--500

 []


LaTeX Warning: Command \v invalid in math mode on input line 524.


Underfull \hbox (badness 10000) in paragraph at lines 526--527

 []

[21]

LaTeX Warning: Command \v invalid in math mode on input line 529.


Underfull \hbox (badness 10000) in paragraph at lines 538--539

 []


Package caption Warning: \captionsetup{type*=...} or \captionof
(caption)                outside box or environment on input line 540.
See the caption package documentation for explanation.


Package caption Warning: The option `hypcap=true' will be ignored for this
(caption)                particular \caption on input line 540.
See the caption package documentation for explanation.

<binomski_model.png, id=323, 928.97063pt x 488.57532pt>
File: binomski_model.png Graphic file (type png)
<use binomski_model.png>
Package pdftex.def Info: binomski_model.png  used on input line 541.
(pdftex.def)             Requested size: 426.79303pt x 256.07349pt.

Underfull \hbox (badness 10000) in paragraph at lines 545--546

 []

[22 <./binomski_model.png>]

LaTeX Warning: Command \v invalid in math mode on input line 549.


Underfull \hbox (badness 10000) in paragraph at lines 551--552

 []


Underfull \hbox (badness 10000) in paragraph at lines 559--560

 []


Underfull \hbox (badness 10000) in paragraph at lines 566--570

 []

[23]
Underfull \hbox (badness 10000) in paragraph at lines 571--572

 []


Underfull \hbox (badness 10000) in paragraph at lines 574--577

 []


Underfull \hbox (badness 10000) in paragraph at lines 587--589

 []

[24]
Underfull \hbox (badness 10000) in paragraph at lines 600--601

 []


Underfull \hbox (badness 10000) in paragraph at lines 602--603

 []

[25]
Underfull \hbox (badness 10000) in paragraph at lines 630--631

 []


LaTeX Warning: Command \v invalid in math mode on input line 648.


Underfull \hbox (badness 10000) in paragraph at lines 647--649

 []


Underfull \hbox (badness 10000) in paragraph at lines 651--653

 []


Underfull \hbox (badness 10000) in paragraph at lines 654--655

 []

[26]
Underfull \hbox (badness 10000) in paragraph at lines 659--660

 []


Underfull \hbox (badness 10000) in paragraph at lines 672--673

 []


Underfull \hbox (badness 10000) in paragraph at lines 675--677

 []


Underfull \hbox (badness 10000) in paragraph at lines 678--679

 []


Underfull \hbox (badness 10000) in paragraph at lines 683--684

 []


Underfull \hbox (badness 10000) in paragraph at lines 692--693

 []

[27]
Underfull \hbox (badness 10000) in paragraph at lines 696--697

 []


Underfull \hbox (badness 10000) in paragraph at lines 699--702

 []


Underfull \hbox (badness 10000) in paragraph at lines 699--702

 []

[28]
Underfull \hbox (badness 10000) in paragraph at lines 733--734

 []

[29] [30]
LaTeX Font Info:    Trying to load font information for T1+lmtt on input line 8
02.
 (C:\Users\Uporabnik\Documents\MATLAB\tex/latex/lm\t1lmtt.fd
File: t1lmtt.fd 2009/10/30 v1.6 Font defs for Latin Modern
) [31]
(neimenovana-4.aux)

Package rerunfilecheck Warning: File `neimenovana-4.out' has changed.
(rerunfilecheck)                Rerun to get outlines right
(rerunfilecheck)                or use package `bookmark'.

Package rerunfilecheck Info: Checksums for `neimenovana-4.out':
(rerunfilecheck)             Before: 4EEBBC497916F3BC6A3EF9591C5781AB;6261
(rerunfilecheck)             After:  5BE214AEAE74FC61DE70E8E3CA745AA2;5844.
 ) 
Here is how much of TeX's memory you used:
 24655 strings out of 478864
 444621 string characters out of 2852887
 749833 words of memory out of 3000000
 41995 multiletter control sequences out of 15000+600000
 442509 words of font info for 55 fonts, out of 8000000 for 9000
 1141 hyphenation exceptions out of 8191
 84i,14n,89p,1219b,646s stack positions out of 5000i,500n,10000p,200000b,80000s
{C:/Users/Uporabnik/Documents/MATLAB/fonts/enc/dvips/lm/lm-ec.enc}{C:/Users/U
porabnik/Documents/MATLAB/fonts/enc/dvips/lm/lm-mathsy.enc}{C:/Users/Uporabnik/
Documents/MATLAB/fonts/enc/dvips/lm/lm-mathit.enc}{C:/Users/Uporabnik/Documents
/MATLAB/fonts/enc/dvips/lm/lm-rm.enc}{C:/Users/Uporabnik/Documents/MATLAB/fonts
/enc/dvips/lm/lm-ts1.enc}<C:/Users/Uporabnik/Documents/MATLAB/fonts/type1/publi
c/lm/lmbx12.pfb><C:/Users/Uporabnik/Documents/MATLAB/fonts/type1/public/lm/lmcs
c10.pfb><C:/Users/Uporabnik/Documents/MATLAB/fonts/type1/public/lm/lmmi12.pfb><
C:/Users/Uporabnik/Documents/MATLAB/fonts/type1/public/lm/lmmi8.pfb><C:/Users/U
porabnik/Documents/MATLAB/fonts/type1/public/lm/lmr12.pfb><C:/Users/Uporabnik/D
ocuments/MATLAB/fonts/type1/public/lm/lmr8.pfb><C:/Users/Uporabnik/Documents/MA
TLAB/fonts/type1/public/lm/lmri12.pfb><C:/Users/Uporabnik/Documents/MATLAB/font
s/type1/public/lm/lmsy10.pfb><C:/Users/Uporabnik/Documents/MATLAB/fonts/type1/p
ublic/lm/lmsy6.pfb><C:/Users/Uporabnik/Documents/MATLAB/fonts/type1/public/lm/l
msy8.pfb><C:/Users/Uporabnik/Documents/MATLAB/fonts/type1/public/lm/lmtt12.pfb>

Output written on neimenovana-4.pdf (31 pages, 413720 bytes).
PDF statistics:
 469 PDF objects out of 1000 (max. 8388607)
 84 named destinations out of 1000 (max. 500000)
 242 words of extra memory for PDF output out of 10000 (max. 10000000)

